<?xml version="1.0" encoding="UTF-8"?>
<!-- Generated by org.testng.reporters.JUnitXMLReporter -->
<testsuite hostname="sarath-1928.local" name="LoginToTheApplication_AndVerifyNavigationTo_ItemsinWork" tests="2" failures="1" timestamp="20 Dec 2016 10:57:44 GMT" time="23.6" errors="0">
  <testcase name="LoginToTheApplication_AndVerifyNavigationTo_ItemsinWork" time="23.174" classname="com.appium.pom.saraapp.LoginToTheApplication_AndVerifyNavigationTo_ItemsinWork">
    <failure type="org.openqa.selenium.WebDriverException" message="An unknown server-side error occurred while processing the command. Original error: Could not find a connected Android device. (WARNING: The server did not provide any stacktrace information)
Command duration or timeout: 22.60 seconds
Build info: version: &amp;apos;2.52.0&amp;apos;, revision: &amp;apos;4c2593c&amp;apos;, time: &amp;apos;2016-02-11 19:06:42&amp;apos;
System info: host: &amp;apos;sarath-1928.local&amp;apos;, ip: &amp;apos;192.168.1.243&amp;apos;, os.name: &amp;apos;Mac OS X&amp;apos;, os.arch: &amp;apos;x86_64&amp;apos;, os.version: &amp;apos;10.10.5&amp;apos;, java.version: &amp;apos;1.7.0_71&amp;apos;
Driver info: io.appium.java_client.android.AndroidDriver">
      <![CDATA[org.openqa.selenium.WebDriverException: An unknown server-side error occurred while processing the command. Original error: Could not find a connected Android device. (WARNING: The server did not provide any stacktrace information)
Command duration or timeout: 22.60 seconds
Build info: version: '2.52.0', revision: '4c2593c', time: '2016-02-11 19:06:42'
System info: host: 'sarath-1928.local', ip: '192.168.1.243', os.name: 'Mac OS X', os.arch: 'x86_64', os.version: '10.10.5', java.version: '1.7.0_71'
Driver info: io.appium.java_client.android.AndroidDriver
	at org.openqa.selenium.remote.ErrorHandler.createThrowable(ErrorHandler.java:206)
	at org.openqa.selenium.remote.ErrorHandler.throwIfResponseFailed(ErrorHandler.java:158)
	at org.openqa.selenium.remote.RemoteWebDriver.execute(RemoteWebDriver.java:678)
	at io.appium.java_client.DefaultGenericMobileDriver.execute(DefaultGenericMobileDriver.java:51)
	at io.appium.java_client.AppiumDriver.execute(AppiumDriver.java:1)
	at io.appium.java_client.android.AndroidDriver.execute(AndroidDriver.java:1)
	at org.openqa.selenium.remote.RemoteWebDriver.startSession(RemoteWebDriver.java:249)
	at org.openqa.selenium.remote.RemoteWebDriver.<init>(RemoteWebDriver.java:131)
	at org.openqa.selenium.remote.RemoteWebDriver.<init>(RemoteWebDriver.java:144)
	at io.appium.java_client.DefaultGenericMobileDriver.<init>(DefaultGenericMobileDriver.java:47)
	at io.appium.java_client.AppiumDriver.<init>(AppiumDriver.java:114)
	at io.appium.java_client.AppiumDriver.<init>(AppiumDriver.java:132)
	at io.appium.java_client.android.AndroidDriver.<init>(AndroidDriver.java:97)
	at com.appium.pom.saraapp.base.BaseTest.launchApp(BaseTest.java:44)
	at com.appium.pom.saraapp.LoginToTheApplication_AndVerifyNavigationTo_ItemsinWork.LoginToTheApplication_AndVerifyNavigationTo_ItemsinWork(LoginToTheApplication_AndVerifyNavigationTo_ItemsinWork.java:47)
... Removed 27 stack frames]]>
    </failure>
  </testcase> <!-- LoginToTheApplication_AndVerifyNavigationTo_ItemsinWork -->
  <testcase name="LoginToTheApplication_AndVerifyNavigationTo_ItemsinWork" time="0.0" classname="com.appium.pom.saraapp.LoginToTheApplication_AndVerifyNavigationTo_ItemsinWork">
    <skipped/>
  </testcase> <!-- LoginToTheApplication_AndVerifyNavigationTo_ItemsinWork -->
</testsuite> <!-- LoginToTheApplication_AndVerifyNavigationTo_ItemsinWork -->
